This is pdfTeX, Version 3.141592653-2.6-1.40.26 (TeX Live 2024) (preloaded format=pdflatex 2024.10.29)  15 APR 2025 21:56
entering extended mode
 restricted \write18 enabled.
 %&-line parsing enabled.
**/Users/eertorer/Desktop/SUS-23-013/tmp/SUS-23-013_temp.tex
(/Users/eertorer/Desktop/SUS-23-013/tmp/SUS-23-013_temp.tex
LaTeX2e <2023-11-01> patch level 1
L3 programming layer <2024-02-20>
(/Users/eertorer/Desktop/SUS-23-013/utils/general/cms-tdr.cls
=======================================================
 
 CMS TDR/NOTE style. Version 2.0.1
 
 Lucas Taylor and George Alverson, 2020-02-18
 
=======================================================
Document Class: cms-tdr 2020/02/18
(/usr/local/texlive/2024/texmf-dist/tex/latex/base/ifthen.sty
Package: ifthen 2022/04/13 v1.1d Standard LaTeX ifthen package (DPC)
)
Using article 11pt\ option
Using article twoside\ option
Using article a4paper\ option
Not using cms note sub-class
Using line numbers
(/usr/local/texlive/2024/texmf-dist/tex/latex/base/article.cls
Document Class: article 2023/05/17 v1.4n Standard LaTeX document class
(/usr/local/texlive/2024/texmf-dist/tex/latex/base/size11.clo
File: size11.clo 2023/05/17 v1.4n Standard LaTeX file (size option)
)
\c@part=\count188
\c@section=\count189
\c@subsection=\count190
\c@subsubsection=\count191
\c@paragraph=\count192
\c@subparagraph=\count193
\c@figure=\count194
\c@table=\count195
\abovecaptionskip=\skip48
\belowcaptionskip=\skip49
\bibindent=\dimen140
) (/usr/local/texlive/2024/texmf-dist/tex/latex/psnfss/palatino.sty
Package: palatino 2020/03/25 PSNFSS-v9.3 (SPQR) 
) (/usr/local/texlive/2024/texmf-dist/tex/latex/psnfss/mathpazo.sty
Package: mathpazo 2020/03/25 PSNFSS-v9.3 Palatino w/ Pazo Math (D.Puga, WaS) 
\symupright=\mathgroup4
) (/usr/local/texlive/2024/texmf-dist/tex/latex/psnfss/helvet.sty
Package: helvet 2020/03/25 PSNFSS-v9.3 (WaS) 
(/usr/local/texlive/2024/texmf-dist/tex/latex/graphics/keyval.sty
Package: keyval 2022/05/29 v1.15 key=value parser (DPC)
\KV@toks@=\toks17
)) (/usr/local/texlive/2024/texmf-dist/tex/latex/titlesec/titlesec.sty
Package: titlesec 2023/10/27 v2.16 Sectioning titles
\ttl@box=\box51
\beforetitleunit=\skip50
\aftertitleunit=\skip51
\ttl@plus=\dimen141
\ttl@minus=\dimen142
\ttl@toksa=\toks18
\titlewidth=\dimen143
\titlewidthlast=\dimen144
\titlewidthfirst=\dimen145
) (/usr/local/texlive/2024/texmf-dist/tex/latex/fancybox/fancybox.sty
Package: fancybox 2010/05/15 1.4
Style option: `fancybox' v1.4 <2010/05/15> (tvz)
\@fancybox=\box52
\shadowsize=\dimen146
\@Sbox=\box53
\do@VerbBox=\toks19
\the@fancyput=\toks20
\this@fancyput=\toks21
\EndVerbatimTokens=\toks22
\Verbatim@Outfile=\write3
\Verbatim@Infile=\read2
) (/usr/local/texlive/2024/texmf-dist/tex/latex/tools/multicol.sty
Package: multicol 2023/03/30 v1.9f multicolumn formatting (FMi)
\c@tracingmulticols=\count196
\mult@box=\box54
\multicol@leftmargin=\dimen147
\c@unbalance=\count197
\c@collectmore=\count198
\doublecol@number=\count199
\multicoltolerance=\count266
\multicolpretolerance=\count267
\full@width=\dimen148
\page@free=\dimen149
\premulticols=\dimen150
\postmulticols=\dimen151
\multicolsep=\skip52
\multicolbaselineskip=\skip53
\partial@page=\box55
\last@line=\box56
\mc@boxedresult=\box57
\maxbalancingoverflow=\dimen152
\mult@rightbox=\box58
\mult@grightbox=\box59
\mult@firstbox=\box60
\mult@gfirstbox=\box61
\@tempa=\box62
\@tempa=\box63
\@tempa=\box64
\@tempa=\box65
\@tempa=\box66
\@tempa=\box67
\@tempa=\box68
\@tempa=\box69
\@tempa=\box70
\@tempa=\box71
\@tempa=\box72
\@tempa=\box73
\@tempa=\box74
\@tempa=\box75
\@tempa=\box76
\@tempa=\box77
\@tempa=\box78
\@tempa=\box79
\@tempa=\box80
\@tempa=\box81
\@tempa=\box82
\@tempa=\box83
\@tempa=\box84
\@tempa=\box85
\@tempa=\box86
\@tempa=\box87
\@tempa=\box88
\@tempa=\box89
\@tempa=\box90
\@tempa=\box91
\@tempa=\box92
\@tempa=\box93
\@tempa=\box94
\@tempa=\box95
\@tempa=\box96
\@tempa=\box97
\c@minrows=\count268
\c@columnbadness=\count269
\c@finalcolumnbadness=\count270
\last@try=\dimen153
\multicolovershoot=\dimen154
\multicolundershoot=\dimen155
\mult@nat@firstbox=\box98
\colbreak@box=\box99
\mc@col@check@num=\count271
) (/usr/local/texlive/2024/texmf-dist/tex/latex/tools/longtable.sty
Package: longtable 2023-11-01 v4.19 Multi-page Table package (DPC)
\LTleft=\skip54
\LTright=\skip55
\LTpre=\skip56
\LTpost=\skip57
\LTchunksize=\count272
\LTcapwidth=\dimen156
\LT@head=\box100
\LT@firsthead=\box101
\LT@foot=\box102
\LT@lastfoot=\box103
\LT@gbox=\box104
\LT@cols=\count273
\LT@rows=\count274
\c@LT@tables=\count275
\c@LT@chunks=\count276
\LT@p@ftn=\toks23
) (/usr/local/texlive/2024/texmf-dist/tex/latex/tools/array.sty
Package: array 2023/10/16 v2.5g Tabular extension package (FMi)
\col@sep=\dimen157
\ar@mcellbox=\box105
\extrarowheight=\dimen158
\NC@list=\toks24
\extratabsurround=\skip58
\backup@length=\skip59
\ar@cellbox=\box106
) (/usr/local/texlive/2024/texmf-dist/tex/latex/lineno/lineno.sty
Package: lineno 2023/05/20 line numbers on paragraphs v5.3
(/usr/local/texlive/2024/texmf-dist/tex/latex/etoolbox/etoolbox.sty
Package: etoolbox 2020/10/05 v2.5k e-TeX tools for LaTeX (JAW)
\etb@tempcnta=\count277
) (/usr/local/texlive/2024/texmf-dist/tex/latex/kvoptions/kvoptions.sty
Package: kvoptions 2022-06-15 v3.15 Key value format for package options (HO)
(/usr/local/texlive/2024/texmf-dist/tex/generic/ltxcmds/ltxcmds.sty
Package: ltxcmds 2023-12-04 v1.26 LaTeX kernel commands for general use (HO)
) (/usr/local/texlive/2024/texmf-dist/tex/latex/kvsetkeys/kvsetkeys.sty
Package: kvsetkeys 2022-10-05 v1.19 Key value parser (HO)
))
\linenopenalty=\count278
\output=\toks25
\linenoprevgraf=\count279
\linenumbersep=\dimen159
\linenumberwidth=\dimen160
\c@linenumber=\count280
\c@pagewiselinenumber=\count281
\c@LN@truepage=\count282
\c@internallinenumber=\count283
\c@internallinenumbers=\count284
\quotelinenumbersep=\dimen161
\bframerule=\dimen162
\bframesep=\dimen163
\bframebox=\box107
LaTeX Info: Redefining \\ on input line 3180.
) (/usr/local/texlive/2024/texmf-dist/tex/latex/fancyhdr/fancyhdr.sty
Package: fancyhdr 2022/11/09 v4.1 Extensive control of page headers and footers

\f@nch@headwidth=\skip60
\f@nch@O@elh=\skip61
\f@nch@O@erh=\skip62
\f@nch@O@olh=\skip63
\f@nch@O@orh=\skip64
\f@nch@O@elf=\skip65
\f@nch@O@erf=\skip66
\f@nch@O@olf=\skip67
\f@nch@O@orf=\skip68
) (/usr/local/texlive/2024/texmf-dist/tex/latex/caption/caption.sty
Package: caption 2023/08/05 v3.6o Customizing captions (AR)
(/usr/local/texlive/2024/texmf-dist/tex/latex/caption/caption3.sty
Package: caption3 2023/07/31 v2.4d caption3 kernel (AR)
\caption@tempdima=\dimen164
\captionmargin=\dimen165
\caption@leftmargin=\dimen166
\caption@rightmargin=\dimen167
\caption@width=\dimen168
\caption@indent=\dimen169
\caption@parindent=\dimen170
\caption@hangindent=\dimen171
Package caption Info: Standard document class detected.
)
\c@caption@flags=\count285
\c@continuedfloat=\count286
Package caption Info: longtable package is loaded.
(/usr/local/texlive/2024/texmf-dist/tex/latex/caption/ltcaption.sty
Package: ltcaption 2021/01/08 v1.4c longtable captions (AR)
)) (/usr/local/texlive/2024/texmf-dist/tex/latex/subfig/subfig.sty
Package: subfig 2005/06/28 ver: 1.3 subfig package
\c@KVtest=\count287
\sf@farskip=\skip69
\sf@captopadj=\dimen172
\sf@capskip=\skip70
\sf@nearskip=\skip71
\c@subfigure=\count288
\c@subfigure@save=\count289
\c@lofdepth=\count290
\c@subtable=\count291
\c@subtable@save=\count292
\c@lotdepth=\count293
\sf@top=\skip72
\sf@bottom=\skip73
) (/usr/local/texlive/2024/texmf-dist/tex/latex/tools/xspace.sty
Package: xspace 2014/10/28 v1.13 Space after command names (DPC,MH)
) (/usr/local/texlive/2024/texmf-dist/tex/latex/multirow/multirow.sty
Package: multirow 2021/03/15 v2.8 Span multiple rows of a table
\multirow@colwidth=\skip74
\multirow@cntb=\count294
\multirow@dima=\skip75
\bigstrutjot=\dimen173
) (/usr/local/texlive/2024/texmf-dist/tex/latex/tools/dcolumn.sty
Package: dcolumn 2023/07/08 v1.06 decimal alignment package (DPC)
) (/usr/local/texlive/2024/texmf-dist/tex/latex/xcolor/xcolor.sty
Package: xcolor 2023/11/15 v3.01 LaTeX color extensions (UK)
(/usr/local/texlive/2024/texmf-dist/tex/latex/graphics-cfg/color.cfg
File: color.cfg 2016/01/02 v1.6 sample color configuration
)
Package xcolor Info: Driver file: pdftex.def on input line 274.
(/usr/local/texlive/2024/texmf-dist/tex/latex/graphics-def/pdftex.def
File: pdftex.def 2022/09/22 v1.2b Graphics/color driver for pdftex
) (/usr/local/texlive/2024/texmf-dist/tex/latex/graphics/mathcolor.ltx)
Package xcolor Info: Model `cmy' substituted by `cmy0' on input line 1350.
Package xcolor Info: Model `hsb' substituted by `rgb' on input line 1354.
Package xcolor Info: Model `RGB' extended on input line 1366.
Package xcolor Info: Model `HTML' substituted by `rgb' on input line 1368.
Package xcolor Info: Model `Hsb' substituted by `hsb' on input line 1369.
Package xcolor Info: Model `tHsb' substituted by `hsb' on input line 1370.
Package xcolor Info: Model `HSB' substituted by `hsb' on input line 1371.
Package xcolor Info: Model `Gray' substituted by `gray' on input line 1372.
Package xcolor Info: Model `wave' substituted by `hsb' on input line 1373.
) (/usr/local/texlive/2024/texmf-dist/tex/latex/colortbl/colortbl.sty
Package: colortbl 2024/02/20 v1.0g Color table columns (DPC)
\everycr=\toks26
\minrowclearance=\skip76
\rownum=\count295
) (/usr/local/texlive/2024/texmf-dist/tex/latex/xcolor/svgnam.def
File: svgnam.def 2023/11/15 v3.01 Predefined colors according to SVG 1.1 (UK)
) (/usr/local/texlive/2024/texmf-dist/tex/latex/amsmath/amsmath.sty
Package: amsmath 2023/05/13 v2.17o AMS math features
\@mathmargin=\skip77
For additional information on amsmath, use the `?' option.
(/usr/local/texlive/2024/texmf-dist/tex/latex/amsmath/amstext.sty
Package: amstext 2021/08/26 v2.01 AMS text
(/usr/local/texlive/2024/texmf-dist/tex/latex/amsmath/amsgen.sty
File: amsgen.sty 1999/11/30 v2.0 generic functions
\@emptytoks=\toks27
\ex@=\dimen174
)) (/usr/local/texlive/2024/texmf-dist/tex/latex/amsmath/amsbsy.sty
Package: amsbsy 1999/11/29 v1.2d Bold Symbols
\pmbraise@=\dimen175
) (/usr/local/texlive/2024/texmf-dist/tex/latex/amsmath/amsopn.sty
Package: amsopn 2022/04/08 v2.04 operator names
)
\inf@bad=\count296
LaTeX Info: Redefining \frac on input line 234.
\uproot@=\count297
\leftroot@=\count298
LaTeX Info: Redefining \overline on input line 399.
LaTeX Info: Redefining \colon on input line 410.
\classnum@=\count299
\DOTSCASE@=\count300
LaTeX Info: Redefining \ldots on input line 496.
LaTeX Info: Redefining \dots on input line 499.
LaTeX Info: Redefining \cdots on input line 620.
\Mathstrutbox@=\box108
\strutbox@=\box109
LaTeX Info: Redefining \big on input line 722.
LaTeX Info: Redefining \Big on input line 723.
LaTeX Info: Redefining \bigg on input line 724.
LaTeX Info: Redefining \Bigg on input line 725.
\big@size=\dimen176
LaTeX Font Info:    Redeclaring font encoding OML on input line 743.
LaTeX Font Info:    Redeclaring font encoding OMS on input line 744.
\macc@depth=\count301
LaTeX Info: Redefining \bmod on input line 905.
LaTeX Info: Redefining \pmod on input line 910.
LaTeX Info: Redefining \smash on input line 940.
LaTeX Info: Redefining \relbar on input line 970.
LaTeX Info: Redefining \Relbar on input line 971.
\c@MaxMatrixCols=\count302
\dotsspace@=\muskip16
\c@parentequation=\count303
\dspbrk@lvl=\count304
\tag@help=\toks28
\row@=\count305
\column@=\count306
\maxfields@=\count307
\andhelp@=\toks29
\eqnshift@=\dimen177
\alignsep@=\dimen178
\tagshift@=\dimen179
\tagwidth@=\dimen180
\totwidth@=\dimen181
\lineht@=\dimen182
\@envbody=\toks30
\multlinegap=\skip78
\multlinetaggap=\skip79
\mathdisplay@stack=\toks31
LaTeX Info: Redefining \[ on input line 2953.
LaTeX Info: Redefining \] on input line 2954.
)
\linenoamsmath@ams@eqpen=\count308
(/usr/local/texlive/2024/texmf-dist/tex/latex/amsfonts/amssymb.sty
Package: amssymb 2013/01/14 v3.01 AMS font symbols
(/usr/local/texlive/2024/texmf-dist/tex/latex/amsfonts/amsfonts.sty
Package: amsfonts 2013/01/14 v3.01 Basic AMSFonts support
\symAMSa=\mathgroup5
\symAMSb=\mathgroup6
LaTeX Font Info:    Redeclaring math symbol \hbar on input line 98.
LaTeX Font Info:    Overwriting math alphabet `\mathfrak' in version `bold'
(Font)                  U/euf/m/n --> U/euf/b/n on input line 106.
)) (/usr/local/texlive/2024/texmf-dist/tex/latex/base/alltt.sty
Package: alltt 2021/01/29 v2.0g defines alltt environment
) (/usr/local/texlive/2024/texmf-dist/tex/latex/listings/listings.sty
\lst@mode=\count309
\lst@gtempboxa=\box110
\lst@token=\toks32
\lst@length=\count310
\lst@currlwidth=\dimen183
\lst@column=\count311
\lst@pos=\count312
\lst@lostspace=\dimen184
\lst@width=\dimen185
\lst@newlines=\count313
\lst@lineno=\count314
\lst@maxwidth=\dimen186
(/usr/local/texlive/2024/texmf-dist/tex/latex/listings/lstpatch.sty
File: lstpatch.sty 2024/02/21 1.10 (Carsten Heinz)
) (/usr/local/texlive/2024/texmf-dist/tex/latex/listings/lstmisc.sty
File: lstmisc.sty 2024/02/21 1.10 (Carsten Heinz)
\c@lstnumber=\count315
\lst@skipnumbers=\count316
\lst@framebox=\box111
) (/usr/local/texlive/2024/texmf-dist/tex/latex/listings/listings.cfg
File: listings.cfg 2024/02/21 1.10 listings configuration
))
Package: listings 2024/02/21 1.10 (Carsten Heinz)
(/usr/local/texlive/2024/texmf-dist/tex/latex/tools/tabularx.sty
Package: tabularx 2023/07/08 v2.11c `tabularx' package (DPC)
\TX@col@width=\dimen187
\TX@old@table=\dimen188
\TX@old@col=\dimen189
\TX@target=\dimen190
\TX@delta=\dimen191
\TX@cols=\count317
\TX@ftn=\toks33
) (/usr/local/texlive/2024/texmf-dist/tex/latex/psnfss/pifont.sty
Package: pifont 2020/03/25 PSNFSS-v9.3 Pi font support (SPQR) 
LaTeX Font Info:    Trying to load font information for U+pzd on input line 63.

(/usr/local/texlive/2024/texmf-dist/tex/latex/psnfss/upzd.fd
File: upzd.fd 2001/06/04 font definitions for U/pzd.
)
LaTeX Font Info:    Trying to load font information for U+psy on input line 64.

(/usr/local/texlive/2024/texmf-dist/tex/latex/psnfss/upsy.fd
File: upsy.fd 2001/06/04 font definitions for U/psy.
)) (/usr/local/texlive/2024/texmf-dist/tex/latex/mdframed/mdframed.sty
Package: mdframed 2013/07/01 1.9b: mdframed
(/usr/local/texlive/2024/texmf-dist/tex/latex/l3packages/xparse/xparse.sty (/us
r/local/texlive/2024/texmf-dist/tex/latex/l3kernel/expl3.sty
Package: expl3 2024-02-20 L3 programming layer (loader) 
(/usr/local/texlive/2024/texmf-dist/tex/latex/l3backend/l3backend-pdftex.def
File: l3backend-pdftex.def 2024-02-20 L3 backend support: PDF output (pdfTeX)
\l__color_backend_stack_int=\count318
\l__pdf_internal_box=\box112
))
Package: xparse 2024-02-18 L3 Experimental document command parser
) (/usr/local/texlive/2024/texmf-dist/tex/latex/zref/zref-abspage.sty
Package: zref-abspage 2023-09-14 v2.35 Module abspage for zref (HO)
(/usr/local/texlive/2024/texmf-dist/tex/latex/zref/zref-base.sty
Package: zref-base 2023-09-14 v2.35 Module base for zref (HO)
(/usr/local/texlive/2024/texmf-dist/tex/generic/infwarerr/infwarerr.sty
Package: infwarerr 2019/12/03 v1.5 Providing info/warning/error messages (HO)
) (/usr/local/texlive/2024/texmf-dist/tex/generic/kvdefinekeys/kvdefinekeys.sty
Package: kvdefinekeys 2019-12-19 v1.6 Define keys (HO)
) (/usr/local/texlive/2024/texmf-dist/tex/generic/pdftexcmds/pdftexcmds.sty
Package: pdftexcmds 2020-06-27 v0.33 Utility functions of pdfTeX for LuaTeX (HO
)
(/usr/local/texlive/2024/texmf-dist/tex/generic/iftex/iftex.sty
Package: iftex 2022/02/03 v1.0f TeX engine tests
)
Package pdftexcmds Info: \pdf@primitive is available.
Package pdftexcmds Info: \pdf@ifprimitive is available.
Package pdftexcmds Info: \pdfdraftmode found.
) (/usr/local/texlive/2024/texmf-dist/tex/generic/etexcmds/etexcmds.sty
Package: etexcmds 2019/12/15 v1.7 Avoid name clashes with e-TeX commands (HO)
) (/usr/local/texlive/2024/texmf-dist/tex/latex/auxhook/auxhook.sty
Package: auxhook 2019-12-17 v1.6 Hooks for auxiliary files (HO)
)
Package zref Info: New property list: main on input line 767.
Package zref Info: New property: default on input line 768.
Package zref Info: New property: page on input line 769.
)
\c@abspage=\count319
Package zref Info: New property: abspage on input line 67.
) (/usr/local/texlive/2024/texmf-dist/tex/latex/needspace/needspace.sty
Package: needspace 2010/09/12 v1.3d reserve vertical space
)
\mdf@templength=\skip80
\c@mdf@globalstyle@cnt=\count320
\mdf@skipabove@length=\skip81
\mdf@skipbelow@length=\skip82
\mdf@leftmargin@length=\skip83
\mdf@rightmargin@length=\skip84
\mdf@innerleftmargin@length=\skip85
\mdf@innerrightmargin@length=\skip86
\mdf@innertopmargin@length=\skip87
\mdf@innerbottommargin@length=\skip88
\mdf@splittopskip@length=\skip89
\mdf@splitbottomskip@length=\skip90
\mdf@outermargin@length=\skip91
\mdf@innermargin@length=\skip92
\mdf@linewidth@length=\skip93
\mdf@innerlinewidth@length=\skip94
\mdf@middlelinewidth@length=\skip95
\mdf@outerlinewidth@length=\skip96
\mdf@roundcorner@length=\skip97
\mdf@footenotedistance@length=\skip98
\mdf@userdefinedwidth@length=\skip99
\mdf@needspace@length=\skip100
\mdf@frametitleaboveskip@length=\skip101
\mdf@frametitlebelowskip@length=\skip102
\mdf@frametitlerulewidth@length=\skip103
\mdf@frametitleleftmargin@length=\skip104
\mdf@frametitlerightmargin@length=\skip105
\mdf@shadowsize@length=\skip106
\mdf@extratopheight@length=\skip107
\mdf@subtitleabovelinewidth@length=\skip108
\mdf@subtitlebelowlinewidth@length=\skip109
\mdf@subtitleaboveskip@length=\skip110
\mdf@subtitlebelowskip@length=\skip111
\mdf@subtitleinneraboveskip@length=\skip112
\mdf@subtitleinnerbelowskip@length=\skip113
\mdf@subsubtitleabovelinewidth@length=\skip114
\mdf@subsubtitlebelowlinewidth@length=\skip115
\mdf@subsubtitleaboveskip@length=\skip116
\mdf@subsubtitlebelowskip@length=\skip117
\mdf@subsubtitleinneraboveskip@length=\skip118
\mdf@subsubtitleinnerbelowskip@length=\skip119
(/usr/local/texlive/2024/texmf-dist/tex/latex/mdframed/md-frame-0.mdf
File: md-frame-0.mdf 2013/07/01\ 1.9b: md-frame-0
)
\mdf@frametitlebox=\box113
\mdf@footnotebox=\box114
\mdf@splitbox@one=\box115
\mdf@splitbox@two=\box116
\mdf@splitbox@save=\box117
\mdfsplitboxwidth=\skip120
\mdfsplitboxtotalwidth=\skip121
\mdfsplitboxheight=\skip122
\mdfsplitboxdepth=\skip123
\mdfsplitboxtotalheight=\skip124
\mdfframetitleboxwidth=\skip125
\mdfframetitleboxtotalwidth=\skip126
\mdfframetitleboxheight=\skip127
\mdfframetitleboxdepth=\skip128
\mdfframetitleboxtotalheight=\skip129
\mdffootnoteboxwidth=\skip130
\mdffootnoteboxtotalwidth=\skip131
\mdffootnoteboxheight=\skip132
\mdffootnoteboxdepth=\skip133
\mdffootnoteboxtotalheight=\skip134
\mdftotallinewidth=\skip135
\mdfboundingboxwidth=\skip136
\mdfboundingboxtotalwidth=\skip137
\mdfboundingboxheight=\skip138
\mdfboundingboxdepth=\skip139
\mdfboundingboxtotalheight=\skip140
\mdf@freevspace@length=\skip141
\mdf@horizontalwidthofbox@length=\skip142
\mdf@verticalmarginwhole@length=\skip143
\mdf@horizontalspaceofbox=\skip144
\mdfsubtitleheight=\skip145
\mdfsubsubtitleheight=\skip146
\c@mdfcountframes=\count321

****** mdframed patching \endmdf@trivlist

****** -- success******

\mdf@envdepth=\count322
\c@mdf@env@i=\count323
\c@mdf@env@ii=\count324
\c@mdf@zref@counter=\count325
Package zref Info: New property: mdf@pagevalue on input line 895.
) (/usr/local/texlive/2024/texmf-dist/tex/latex/seqsplit/seqsplit.sty
Package: seqsplit 2006/08/07 v0.1 Splitting long sequences (DNA, RNA, proteins,
 etc.) 
) (/Users/eertorer/Desktop/SUS-23-013/utils/general/subdepth.sty
Package: subdepth 2007/09/02 v0.1 Unify subscript depths
) (/Users/eertorer/Desktop/SUS-23-013/utils/general/heppennames2.sty
Package: heppennames2 2019/04/29 Elementary Particle Naming Scheme - Version (1
.9-CMS)
Using pazoGreek: .T. -- .T.
(/Users/eertorer/Desktop/SUS-23-013/utils/general/hepparticles.sty
Package: hepparticles 2020/02/13 HEP particle typesetting (v2.1)
LaTeX Font Info:    Overwriting math alphabet `\mathup' in version `bold'
(Font)                  OT1/ppl/m/n --> OT1/ppl/bx/n on input line 92.
LaTeX Font Info:    Overwriting math alphabet `\mathsfup' in version `bold'
(Font)                  OT1/phv/m/n --> OT1/phv/bx/n on input line 95.
LaTeX Font Info:    Overwriting math alphabet `\mathsfit' in version `bold'
(Font)                  OT1/phv/m/sl --> OT1/phv/bx/sl on input line 98.
)
Redeclaring regular Greek from Pazo scaled 100\%. Only uppercase Greek is uprig
ht, however.
\symugrf@m=\mathgroup7
\symugrf@r=\mathgroup8
LaTeX Info: Redefining \PKst on input line 734.
LaTeX Info: Redefining \PBst on input line 845.
) (/Users/eertorer/Desktop/SUS-23-013/utils/general/pdfdraftcopy.sty
Package: pdfdraftcopy 2003/08/11 1.2 Draft copy in PDF (CVR)
(/usr/local/texlive/2024/texmf-dist/tex/latex/graphics/graphicx.sty
Package: graphicx 2021/09/16 v1.2d Enhanced LaTeX Graphics (DPC,SPQR)
(/usr/local/texlive/2024/texmf-dist/tex/latex/graphics/graphics.sty
Package: graphics 2022/03/10 v1.4e Standard LaTeX Graphics (DPC,SPQR)
(/usr/local/texlive/2024/texmf-dist/tex/latex/graphics/trig.sty
Package: trig 2021/08/11 v1.11 sin cos tan (DPC)
) (/usr/local/texlive/2024/texmf-dist/tex/latex/graphics-cfg/graphics.cfg
File: graphics.cfg 2016/06/04 v1.11 sample graphics configuration
)
Package graphics Info: Driver file: pdftex.def on input line 107.
)
\Gin@req@height=\dimen192
\Gin@req@width=\dimen193
) (/Users/eertorer/Desktop/SUS-23-013/utils/general/changepage.sty
Package: changepage 2009/10/20 v1.0c check page and change page layout
\c@cp@cntr=\count326
\cp@tempcnt=\count327
)
\LLY=\dimen194
\LLX=\dimen195
\URX=\dimen196
\URY=\dimen197
\topmargin=\dimen198
\bottommargin=\dimen199
) (/usr/local/texlive/2024/texmf-dist/tex/latex/pdfpages/pdfpages.sty
Package: pdfpages 2024/01/21 v0.5y Insert pages of external PDF documents (AM)
(/usr/local/texlive/2024/texmf-dist/tex/latex/tools/calc.sty
Package: calc 2023/07/08 v4.3 Infix arithmetic (KKT,FJ)
\calc@Acount=\count328
\calc@Bcount=\count329
\calc@Adimen=\dimen256
\calc@Bdimen=\dimen257
\calc@Askip=\skip147
\calc@Bskip=\skip148
LaTeX Info: Redefining \setlength on input line 80.
LaTeX Info: Redefining \addtolength on input line 81.
\calc@Ccount=\count330
\calc@Cskip=\skip149
) (/usr/local/texlive/2024/texmf-dist/tex/latex/eso-pic/eso-pic.sty
Package: eso-pic 2023/05/03 v3.0c eso-pic (RN)
\ESO@tempdima=\dimen258
\ESO@tempdimb=\dimen259
)
\AM@pagewidth=\dimen260
\AM@pageheight=\dimen261
\AM@fboxrule=\dimen262
(/usr/local/texlive/2024/texmf-dist/tex/latex/pdfpages/pppdftex.def
File: pppdftex.def 2024/01/21 v0.5y Pdfpages driver for pdfTeX (AM)
)
\pdfpages@includegraphics@status=\count331
\AM@pagebox=\box118
\AM@global@opts=\toks34
\AM@pagecnt=\count332
\AM@toc@title=\toks35
\AM@lof@heading=\toks36
\c@AM@survey=\count333
\AM@templatesizebox=\box119
) (/Users/eertorer/Desktop/SUS-23-013/utils/general/ptdr-definitions.sty
Package: ptdr-definitions  2021/01/12 CMS Additional Macro Definitions v2
LaTeX Info: Redefining \Pepm on input line 211.
LaTeX Info: Redefining \Pemp on input line 212.
LaTeX Info: Redefining \PGmpm on input line 213.
)
\parskipsaved=\skip150
(/usr/local/texlive/2024/texmf-dist/tex/latex/graphics/lscape.sty
Package: lscape 2020/05/28 v3.02 Landscape Pages (DPC)
) (/usr/local/texlive/2024/texmf-dist/tex/latex/graphics/rotating.sty
Package: rotating 2016/08/11 v2.16d rotated objects in LaTeX
\c@r@tfl@t=\count334
\rotFPtop=\skip151
\rotFPbot=\skip152
\rot@float@box=\box120
\rot@mess@toks=\toks37
) (/usr/local/texlive/2024/texmf-dist/tex/latex/hyperref/hyperref.sty
Package: hyperref 2024-01-20 v7.01h Hypertext links for LaTeX
(/usr/local/texlive/2024/texmf-dist/tex/generic/pdfescape/pdfescape.sty
Package: pdfescape 2019/12/09 v1.15 Implements pdfTeX's escape features (HO)
) (/usr/local/texlive/2024/texmf-dist/tex/latex/hycolor/hycolor.sty
Package: hycolor 2020-01-27 v1.10 Color options for hyperref/bookmark (HO)
) (/usr/local/texlive/2024/texmf-dist/tex/latex/hyperref/nameref.sty
Package: nameref 2023-11-26 v2.56 Cross-referencing by name of section
(/usr/local/texlive/2024/texmf-dist/tex/latex/refcount/refcount.sty
Package: refcount 2019/12/15 v3.6 Data extraction from label references (HO)
)
(/usr/local/texlive/2024/texmf-dist/tex/generic/gettitlestring/gettitlestring.s
ty
Package: gettitlestring 2019/12/15 v1.6 Cleanup title references (HO)
)
\c@section@level=\count335
)
\@linkdim=\dimen263
\Hy@linkcounter=\count336
\Hy@pagecounter=\count337
(/usr/local/texlive/2024/texmf-dist/tex/latex/hyperref/pd1enc.def
File: pd1enc.def 2024-01-20 v7.01h Hyperref: PDFDocEncoding definition (HO)
Now handling font encoding PD1 ...
... no UTF-8 mapping file for font encoding PD1
) (/usr/local/texlive/2024/texmf-dist/tex/generic/intcalc/intcalc.sty
Package: intcalc 2019/12/15 v1.3 Expandable calculations with integers (HO)
)
\Hy@SavedSpaceFactor=\count338
(/usr/local/texlive/2024/texmf-dist/tex/latex/hyperref/puenc.def
File: puenc.def 2024-01-20 v7.01h Hyperref: PDF Unicode definition (HO)
Now handling font encoding PU ...
... no UTF-8 mapping file for font encoding PU
)
Package hyperref Info: Option `bookmarksnumbered' set `true' on input line 4062
.
Package hyperref Info: Option `bookmarksopen' set `true' on input line 4062.
Package hyperref Info: Option `colorlinks' set `false' on input line 4062.
Package hyperref Info: Option `plainpages' set `false' on input line 4062.
Package hyperref Info: Option `pdfpagelabels' set `true' on input line 4062.
Package hyperref Info: Option `unicode' set `false' on input line 4062.
Package hyperref Info: Hyper figures OFF on input line 4179.
Package hyperref Info: Link nesting OFF on input line 4184.
Package hyperref Info: Hyper index ON on input line 4187.
Package hyperref Info: Plain pages OFF on input line 4194.
Package hyperref Info: Backreferencing OFF on input line 4199.
Package hyperref Info: Implicit mode ON; LaTeX internals redefined.
Package hyperref Info: Bookmarks ON on input line 4446.
\c@Hy@tempcnt=\count339
(/usr/local/texlive/2024/texmf-dist/tex/latex/url/url.sty
\Urlmuskip=\muskip17
Package: url 2013/09/16  ver 3.4  Verb mode for urls, etc.
)
LaTeX Info: Redefining \url on input line 4784.
\XeTeXLinkMargin=\dimen264
(/usr/local/texlive/2024/texmf-dist/tex/generic/bitset/bitset.sty
Package: bitset 2019/12/09 v1.3 Handle bit-vector datatype (HO)
(/usr/local/texlive/2024/texmf-dist/tex/generic/bigintcalc/bigintcalc.sty
Package: bigintcalc 2019/12/15 v1.5 Expandable calculations on big integers (HO
)
))
\Fld@menulength=\count340
\Field@Width=\dimen265
\Fld@charsize=\dimen266
Package hyperref Info: Hyper figures OFF on input line 6063.
Package hyperref Info: Link nesting OFF on input line 6068.
Package hyperref Info: Hyper index ON on input line 6071.
Package hyperref Info: backreferencing OFF on input line 6078.
Package hyperref Info: Link coloring OFF on input line 6083.
Package hyperref Info: Link coloring with OCG OFF on input line 6088.
Package hyperref Info: PDF/A mode OFF on input line 6093.
(/usr/local/texlive/2024/texmf-dist/tex/latex/base/atbegshi-ltx.sty
Package: atbegshi-ltx 2021/01/10 v1.0c Emulation of the original atbegshi
package with kernel methods
)
\Hy@abspage=\count341
\c@Item=\count342
\c@Hfootnote=\count343
)
Package hyperref Info: Driver (autodetected): hpdftex.
(/usr/local/texlive/2024/texmf-dist/tex/latex/hyperref/hpdftex.def
File: hpdftex.def 2024-01-20 v7.01h Hyperref driver for pdfTeX
(/usr/local/texlive/2024/texmf-dist/tex/latex/base/atveryend-ltx.sty
Package: atveryend-ltx 2020/08/19 v1.0a Emulation of the original atveryend pac
kage
with kernel methods
)
\HyAnn@Count=\count344
\Fld@listcount=\count345
\c@bookmark@seq@number=\count346

(/usr/local/texlive/2024/texmf-dist/tex/latex/rerunfilecheck/rerunfilecheck.sty
Package: rerunfilecheck 2022-07-10 v1.10 Rerun checks for auxiliary files (HO)

(/usr/local/texlive/2024/texmf-dist/tex/generic/uniquecounter/uniquecounter.sty
Package: uniquecounter 2019/12/15 v1.4 Provide unlimited unique counter (HO)
)
Package uniquecounter Info: New unique counter `rerunfilecheck' on input line 2
85.
)
\Hy@SectionHShift=\skip153
) (/usr/local/texlive/2024/texmf-dist/tex/latex/natbib/natbib.sty
Package: natbib 2010/09/13 8.31b (PWD, AO)
\bibhang=\skip154
\bibsep=\skip155
LaTeX Info: Redefining \cite on input line 694.
\c@NAT@ctr=\count347
)
Patching amsLaTeX equation handling to deal with the presence of line numbers
\cmsinstskip=\skip156
\cmsauthskip=\skip157
Defining CMS Note commands
\c@author=\count348
\c@address=\count349
\CMSabstractbox=\box121
)
LaTeX Font Info:    Trying to load font information for OT1+ppl on input line 4
.
LaTeX Font Info:    <567INP ot1ppl.fd> on input line 4.
(/usr/local/texlive/2024/texmf-dist/tex/latex/psnfss/ot1ppl.fd
File: ot1ppl.fd 2001/06/04 font definitions for OT1/ppl.
) (/Users/eertorer/Desktop/SUS-23-013/tmp/SUS-23-013_temp.aux)
\openout1 = `SUS-23-013_temp.aux'.

LaTeX Font Info:    Checking defaults for OML/cmm/m/it on input line 4.
LaTeX Font Info:    ... okay on input line 4.
LaTeX Font Info:    Checking defaults for OMS/cmsy/m/n on input line 4.
LaTeX Font Info:    ... okay on input line 4.
LaTeX Font Info:    Checking defaults for OT1/cmr/m/n on input line 4.
LaTeX Font Info:    ... okay on input line 4.
LaTeX Font Info:    Checking defaults for T1/cmr/m/n on input line 4.
LaTeX Font Info:    ... okay on input line 4.
LaTeX Font Info:    Checking defaults for TS1/cmr/m/n on input line 4.
LaTeX Font Info:    ... okay on input line 4.
LaTeX Font Info:    Checking defaults for OMX/cmex/m/n on input line 4.
LaTeX Font Info:    ... okay on input line 4.
LaTeX Font Info:    Checking defaults for U/cmr/m/n on input line 4.
LaTeX Font Info:    ... okay on input line 4.
LaTeX Font Info:    Checking defaults for PD1/pdf/m/n on input line 4.
LaTeX Font Info:    ... okay on input line 4.
LaTeX Font Info:    Checking defaults for PU/pdf/m/n on input line 4.
LaTeX Font Info:    ... okay on input line 4.
Package caption Info: Begin \AtBeginDocument code.
Package caption Info: subfig package v1.3 is loaded.
Package caption Info: changepage package is loaded.
\caption@adjustwidth@hsize=\dimen267
\caption@adjustwidth@linewidth=\dimen268
Package caption Info: hyperref package is loaded.
Package caption Info: listings package is loaded.
Package caption Info: rotating package is loaded.
Package caption Info: End \AtBeginDocument code.
<567INP supp-pdf.mkii>
(/usr/local/texlive/2024/texmf-dist/tex/context/base/mkii/supp-pdf.mkii
[Loading MPS to PDF converter (version 2006.09.02).]
\scratchcounter=\count350
\scratchdimen=\dimen269
\scratchbox=\box122
\nofMPsegments=\count351
\nofMParguments=\count352
\everyMPshowfont=\toks38
\MPscratchCnt=\count353
\MPscratchDim=\dimen270
\MPnumerator=\count354
\makeMPintoPDFobject=\count355
\everyMPtoPDFconversion=\toks39
)
<567INP epstopdf-base.sty>
(/usr/local/texlive/2024/texmf-dist/tex/latex/epstopdf-pkg/epstopdf-base.sty
Package: epstopdf-base 2020-01-24 v2.11 Base part for package epstopdf
<567INP grfext.sty>
(/usr/local/texlive/2024/texmf-dist/tex/latex/grfext/grfext.sty
Package: grfext 2019/12/03 v1.3 Manage graphics extensions (HO)
)
Package epstopdf-base Info: Redefining graphics rule for `.eps' on input line 4
85.
Package grfext Info: Graphics extension search list:
(grfext)             [.pdf,.PDF,.png,.PNG,.jpg,.JPG,.jpeg,.JPEG,.eps]
(grfext)             \AppendGraphicsExtensions on input line 504.
<567INP epstopdf-sys.cfg>
(/usr/local/texlive/2024/texmf-dist/tex/latex/latexconfig/epstopdf-sys.cfg
File: epstopdf-sys.cfg 2010/07/13 v1.3 Configuration of (r)epstopdf for TeX Liv
e
)
<567INP epstopdf.cfg>
)
\c@lstlisting=\count356
<567INP pdflscape.sty>
(/usr/local/texlive/2024/texmf-dist/tex/latex/pdflscape/pdflscape.sty
Package: pdflscape 2022-10-27 v0.13 Display of landscape pages in PDF
<567INP pdflscape-nometadata.sty>

(/usr/local/texlive/2024/texmf-dist/tex/latex/pdflscape/pdflscape-nometadata.st
y
Package: pdflscape-nometadata 2022-10-28 v0.13 Display of landscape pages in PD
F (HO)
Package pdflscape Info: Auto-detected driver: pdftex on input line 81.
))
Package hyperref Info: Link coloring OFF on input line 4.
<567INP SUS-23-013_temp.out>
(/Users/eertorer/Desktop/SUS-23-013/tmp/SUS-23-013_temp.out)
<567INP SUS-23-013_temp.out>
(/Users/eertorer/Desktop/SUS-23-013/tmp/SUS-23-013_temp.out)
\@outlinefile=\write4
\openout4 = `SUS-23-013_temp.out'.

\cmsTabSkip=\skip158

! LaTeX Error: Can be used only in preamble.

See the LaTeX manual or LaTeX Companion for explanation.
Type  H <return>  for immediate help.
 ...                                              
                                                  
l.169 \begin{document}
                      
Your command was ignored.
Type  I <command> <return>  to replace it with another command,
or  <return>  to continue without it.

LaTeX Font Info:    Trying to load font information for OML+zplm on input line 
196.
LaTeX Font Info:    <567INP omlzplm.fd> on input line 196.
(/usr/local/texlive/2024/texmf-dist/tex/latex/psnfss/omlzplm.fd
File: omlzplm.fd 2002/09/08 Fontinst v1.914 font definitions for OML/zplm.
)
LaTeX Font Info:    Trying to load font information for OMS+zplm on input line 
196.
LaTeX Font Info:    <567INP omszplm.fd> on input line 196.
(/usr/local/texlive/2024/texmf-dist/tex/latex/psnfss/omszplm.fd
File: omszplm.fd 2002/09/08 Fontinst v1.914 font definitions for OMS/zplm.
)
LaTeX Font Info:    Trying to load font information for OMX+zplm on input line 
196.
LaTeX Font Info:    <567INP omxzplm.fd> on input line 196.
(/usr/local/texlive/2024/texmf-dist/tex/latex/psnfss/omxzplm.fd
File: omxzplm.fd 2002/09/08 Fontinst v1.914 font definitions for OMX/zplm.
)
LaTeX Font Info:    Trying to load font information for OT1+zplm on input line 
196.
LaTeX Font Info:    <567INP ot1zplm.fd> on input line 196.
(/usr/local/texlive/2024/texmf-dist/tex/latex/psnfss/ot1zplm.fd
File: ot1zplm.fd 2002/09/08 Fontinst v1.914 font definitions for OT1/zplm.
)
LaTeX Font Info:    Font shape `U/msa/m/n' will be
(Font)              scaled to size 11.40997pt on input line 196.
LaTeX Font Info:    Font shape `U/msa/m/n' will be
(Font)              scaled to size 8.33606pt on input line 196.
LaTeX Font Info:    Font shape `U/msa/m/n' will be
(Font)              scaled to size 6.25204pt on input line 196.
LaTeX Font Info:    Font shape `U/msb/m/n' will be
(Font)              scaled to size 11.40997pt on input line 196.
LaTeX Font Info:    Font shape `U/msb/m/n' will be
(Font)              scaled to size 8.33606pt on input line 196.
LaTeX Font Info:    Font shape `U/msb/m/n' will be
(Font)              scaled to size 6.25204pt on input line 196.
LaTeX Font Info:    Font shape `U/fsy/m/i' will be
(Font)              scaled to size 10.95pt on input line 196.
LaTeX Font Info:    Font shape `U/fsy/m/i' will be
(Font)              scaled to size 8.0pt on input line 196.
LaTeX Font Info:    Font shape `U/fsy/m/i' will be
(Font)              scaled to size 6.0pt on input line 196.
LaTeX Font Info:    Font shape `U/fsy/m/n' will be
(Font)              scaled to size 10.95pt on input line 196.
LaTeX Font Info:    Font shape `U/fsy/m/n' will be
(Font)              scaled to size 8.0pt on input line 196.
LaTeX Font Info:    Font shape `U/fsy/m/n' will be
(Font)              scaled to size 6.0pt on input line 196.

! LaTeX Error: Unicode character   (U+202F)
               not set up for use with LaTeX.

See the LaTeX manual or LaTeX Companion for explanation.
Type  H <return>  for immediate help.
 ...                                              
                                                  
l.196 }
       
You may provide a definition with
\DeclareUnicodeCharacter 

LaTeX Font Info:    Font shape `U/msa/m/n' will be
(Font)              scaled to size 15.0049pt on input line 212.
LaTeX Font Info:    Font shape `U/msa/m/n' will be
(Font)              scaled to size 10.42007pt on input line 212.
LaTeX Font Info:    Font shape `U/msb/m/n' will be
(Font)              scaled to size 15.0049pt on input line 212.
LaTeX Font Info:    Font shape `U/msb/m/n' will be
(Font)              scaled to size 10.42007pt on input line 212.
LaTeX Font Info:    Font shape `U/fsy/m/i' will be
(Font)              scaled to size 14.4pt on input line 212.
LaTeX Font Info:    Font shape `U/fsy/m/i' will be
(Font)              scaled to size 10.0pt on input line 212.
LaTeX Font Info:    Font shape `U/fsy/m/n' will be
(Font)              scaled to size 14.4pt on input line 212.
LaTeX Font Info:    Font shape `U/fsy/m/n' will be
(Font)              scaled to size 10.0pt on input line 212.
<789FIG cms_draft_paper 0>
<cms_draft_paper.pdf, id=36, 455.24379pt x 102.42967pt>
File: cms_draft_paper.pdf Graphic file (type pdf)
<use cms_draft_paper.pdf>
Package pdftex.def Info: cms_draft_paper.pdf  used on input line 212.
(pdftex.def)             Requested size: 455.24268pt x 102.42941pt.
LaTeX Font Info:    Font shape `U/msa/m/n' will be
(Font)              scaled to size 12.50409pt on input line 212.
LaTeX Font Info:    Font shape `U/msa/m/n' will be
(Font)              scaled to size 9.37807pt on input line 212.
LaTeX Font Info:    Font shape `U/msa/m/n' will be
(Font)              scaled to size 7.29405pt on input line 212.
LaTeX Font Info:    Font shape `U/msb/m/n' will be
(Font)              scaled to size 12.50409pt on input line 212.
LaTeX Font Info:    Font shape `U/msb/m/n' will be
(Font)              scaled to size 9.37807pt on input line 212.
LaTeX Font Info:    Font shape `U/msb/m/n' will be
(Font)              scaled to size 7.29405pt on input line 212.
LaTeX Font Info:    Font shape `U/fsy/m/i' will be
(Font)              scaled to size 12.0pt on input line 212.
LaTeX Font Info:    Font shape `U/fsy/m/i' will be
(Font)              scaled to size 9.0pt on input line 212.
LaTeX Font Info:    Font shape `U/fsy/m/i' will be
(Font)              scaled to size 7.0pt on input line 212.
LaTeX Font Info:    Font shape `U/fsy/m/n' will be
(Font)              scaled to size 12.0pt on input line 212.
LaTeX Font Info:    Font shape `U/fsy/m/n' will be
(Font)              scaled to size 9.0pt on input line 212.
LaTeX Font Info:    Font shape `U/fsy/m/n' will be
(Font)              scaled to size 7.0pt on input line 212.
LaTeX Font Info:    Font shape `U/msa/m/n' will be
(Font)              scaled to size 18.00587pt on input line 212.
LaTeX Font Info:    Font shape `U/msb/m/n' will be
(Font)              scaled to size 18.00587pt on input line 212.
LaTeX Font Info:    Font shape `U/fsy/m/i' will be
(Font)              scaled to size 17.28pt on input line 212.
LaTeX Font Info:    Font shape `U/fsy/m/n' will be
(Font)              scaled to size 17.28pt on input line 212.

Overfull \hbox (16.25952pt too wide) in paragraph at lines 212--212
[] [][][] 
 []

<789FIG BigDraft 0>
<BigDraft.pdf, id=37, 597.50829pt x 845.0471pt>
File: BigDraft.pdf Graphic file (type pdf)
<use BigDraft.pdf>
Package pdftex.def Info: BigDraft.pdf  used on input line 212.
(pdftex.def)             Requested size: 597.50682pt x 845.04504pt.
[1

{/usr/local/texlive/2024/texmf-var/fonts/map/pdftex/updmap/pdftex.map}{/usr/loc
al/texlive/2024/texmf-dist/fonts/enc/dvips/base/8r.enc} </Users/eertorer/Deskto
p/SUS-23-013/utils/general/BigDraft.pdf> </Users/eertorer/Desktop/SUS-23-013/ut
ils/general/cms_draft_paper.pdf>]
<789FIG BigDraft 0>
File: BigDraft.pdf Graphic file (type pdf)
<use BigDraft.pdf>
Package pdftex.def Info: BigDraft.pdf  used on input line 212.
(pdftex.def)             Requested size: 597.50682pt x 845.04504pt.
[2]
LaTeX Font Info:    Trying to load font information for OT1+phv on input line 2
22.
LaTeX Font Info:    <567INP ot1phv.fd> on input line 222.
(/usr/local/texlive/2024/texmf-dist/tex/latex/psnfss/ot1phv.fd
File: ot1phv.fd 2020/03/25 scalable font definitions for OT1/phv.
)
<789FIG BigDraft 0>
File: BigDraft.pdf Graphic file (type pdf)
<use BigDraft.pdf>
Package pdftex.def Info: BigDraft.pdf  used on input line 245.
(pdftex.def)             Requested size: 597.50682pt x 845.04504pt.
[1

]
<789FIG figures/monodarkhiggs.pdf 0>
<figures/monodarkhiggs.pdf, id=118, 621.32124pt x 433.98134pt>
File: figures/monodarkhiggs.pdf Graphic file (type pdf)
<use figures/monodarkhiggs.pdf>
Package pdftex.def Info: figures/monodarkhiggs.pdf  used on input line 251.
(pdftex.def)             Requested size: 204.85844pt x 143.08846pt.
<567INP newDetector>
(/Users/eertorer/Desktop/SUS-23-013/newDetector.tex
<789FIG BigDraft 1>
File: BigDraft.pdf Graphic file (type pdf)
<use BigDraft.pdf>
Package pdftex.def Info: BigDraft.pdf  used on input line 4.
(pdftex.def)             Requested size: 597.50682pt x 845.04504pt.
[2 </Users/eertorer/Desktop/SUS-23-013/figures/monodarkhiggs.pdf>]
<789FIG BigDraft 1>
File: BigDraft.pdf Graphic file (type pdf)
<use BigDraft.pdf>
Package pdftex.def Info: BigDraft.pdf  used on input line 18.
(pdftex.def)             Requested size: 597.50682pt x 845.04504pt.
[3]
<789FIG BigDraft 1>
File: BigDraft.pdf Graphic file (type pdf)
<use BigDraft.pdf>
Package pdftex.def Info: BigDraft.pdf  used on input line 27.
(pdftex.def)             Requested size: 597.50682pt x 845.04504pt.
[4])
<789FIG BigDraft 1>
File: BigDraft.pdf Graphic file (type pdf)
<use BigDraft.pdf>
Package pdftex.def Info: BigDraft.pdf  used on input line 284.
(pdftex.def)             Requested size: 597.50682pt x 845.04504pt.
[5]
<789FIG BigDraft 1>
File: BigDraft.pdf Graphic file (type pdf)
<use BigDraft.pdf>
Package pdftex.def Info: BigDraft.pdf  used on input line 319.
(pdftex.def)             Requested size: 597.50682pt x 845.04504pt.
[6]
<789FIG BigDraft 1>
File: BigDraft.pdf Graphic file (type pdf)
<use BigDraft.pdf>
Package pdftex.def Info: BigDraft.pdf  used on input line 359.
(pdftex.def)             Requested size: 597.50682pt x 845.04504pt.
[7]
<789FIG BigDraft 1>
File: BigDraft.pdf Graphic file (type pdf)
<use BigDraft.pdf>
Package pdftex.def Info: BigDraft.pdf  used on input line 385.
(pdftex.def)             Requested size: 597.50682pt x 845.04504pt.
[8]
<789FIG BigDraft 1>
File: BigDraft.pdf Graphic file (type pdf)
<use BigDraft.pdf>
Package pdftex.def Info: BigDraft.pdf  used on input line 388.
(pdftex.def)             Requested size: 597.50682pt x 845.04504pt.
[9]
<789FIG BigDraft 1>
File: BigDraft.pdf Graphic file (type pdf)
<use BigDraft.pdf>
Package pdftex.def Info: BigDraft.pdf  used on input line 477.
(pdftex.def)             Requested size: 597.50682pt x 845.04504pt.
[10]
<789FIG figures/sr.png 1>
<figures/sr.png, id=314, 3276.24pt x 1146.2825pt>
File: figures/sr.png Graphic file (type png)
<use figures/sr.png>
Package pdftex.def Info: figures/sr.png  used on input line 481.
(pdftex.def)             Requested size: 450.69414pt x 157.67992pt.

LaTeX Warning: Reference `fig:mhs50_70_90' on page 11 undefined on input line 4
95.


LaTeX Warning: Reference `fig:mhs110_130_150' on page 11 undefined on input lin
e 495.

<789FIG BigDraft 2>
File: BigDraft.pdf Graphic file (type pdf)
<use BigDraft.pdf>
Package pdftex.def Info: BigDraft.pdf  used on input line 498.
(pdftex.def)             Requested size: 597.50682pt x 845.04504pt.
[11 </Users/eertorer/Desktop/SUS-23-013/figures/sr.png>]
<789FIG figures/results/mhs50_2D.png 2>
<figures/results/mhs50_2D.png, id=324, 1011.78pt x 722.7pt>
File: figures/results/mhs50_2D.png Graphic file (type png)
<use figures/results/mhs50_2D.png>
Package pdftex.def Info: figures/results/mhs50_2D.png  used on input line 502.
(pdftex.def)             Requested size: 450.69414pt x 321.9258pt.
<789FIG BigDraft 3>
File: BigDraft.pdf Graphic file (type pdf)
<use BigDraft.pdf>
Package pdftex.def Info: BigDraft.pdf  used on input line 508.
(pdftex.def)             Requested size: 597.50682pt x 845.04504pt.
[12 </Users/eertorer/Desktop/SUS-23-013/figures/results/mhs50_2D.png>]
<789FIG figures/results/mhs70_2D.png 3>
<figures/results/mhs70_2D.png, id=332, 1011.78pt x 722.7pt>
File: figures/results/mhs70_2D.png Graphic file (type png)
<use figures/results/mhs70_2D.png>
Package pdftex.def Info: figures/results/mhs70_2D.png  used on input line 512.
(pdftex.def)             Requested size: 450.69414pt x 321.9258pt.
<789FIG BigDraft 4>
File: BigDraft.pdf Graphic file (type pdf)
<use BigDraft.pdf>
Package pdftex.def Info: BigDraft.pdf  used on input line 518.
(pdftex.def)             Requested size: 597.50682pt x 845.04504pt.
[13 </Users/eertorer/Desktop/SUS-23-013/figures/results/mhs70_2D.png>]
<789FIG figures/results/mhs90_2D.png 4>
<figures/results/mhs90_2D.png, id=339, 1011.78pt x 722.7pt>
File: figures/results/mhs90_2D.png Graphic file (type png)
<use figures/results/mhs90_2D.png>
Package pdftex.def Info: figures/results/mhs90_2D.png  used on input line 522.
(pdftex.def)             Requested size: 450.69414pt x 321.9258pt.
<789FIG BigDraft 5>
File: BigDraft.pdf Graphic file (type pdf)
<use BigDraft.pdf>
Package pdftex.def Info: BigDraft.pdf  used on input line 528.
(pdftex.def)             Requested size: 597.50682pt x 845.04504pt.
[14 </Users/eertorer/Desktop/SUS-23-013/figures/results/mhs90_2D.png>]
<789FIG figures/results/mhs110_2D.png 5>
<figures/results/mhs110_2D.png, id=346, 1011.78pt x 722.7pt>
File: figures/results/mhs110_2D.png Graphic file (type png)
<use figures/results/mhs110_2D.png>
Package pdftex.def Info: figures/results/mhs110_2D.png  used on input line 532.

(pdftex.def)             Requested size: 450.69414pt x 321.9258pt.
<789FIG BigDraft 6>
File: BigDraft.pdf Graphic file (type pdf)
<use BigDraft.pdf>
Package pdftex.def Info: BigDraft.pdf  used on input line 538.
(pdftex.def)             Requested size: 597.50682pt x 845.04504pt.
[15 </Users/eertorer/Desktop/SUS-23-013/figures/results/mhs110_2D.png>]
<789FIG figures/results/mhs130_2D.png 6>
<figures/results/mhs130_2D.png, id=353, 1011.78pt x 722.7pt>
File: figures/results/mhs130_2D.png Graphic file (type png)
<use figures/results/mhs130_2D.png>
Package pdftex.def Info: figures/results/mhs130_2D.png  used on input line 542.

(pdftex.def)             Requested size: 450.69414pt x 321.9258pt.
<789FIG BigDraft 7>
File: BigDraft.pdf Graphic file (type pdf)
<use BigDraft.pdf>
Package pdftex.def Info: BigDraft.pdf  used on input line 548.
(pdftex.def)             Requested size: 597.50682pt x 845.04504pt.
[16 </Users/eertorer/Desktop/SUS-23-013/figures/results/mhs130_2D.png>]
<789FIG figures/results/mhs150_2D.png 7>
<figures/results/mhs150_2D.png, id=361, 1011.78pt x 722.7pt>
File: figures/results/mhs150_2D.png Graphic file (type png)
<use figures/results/mhs150_2D.png>
Package pdftex.def Info: figures/results/mhs150_2D.png  used on input line 552.

(pdftex.def)             Requested size: 450.69414pt x 321.9258pt.
<789FIG BigDraft 8>
File: BigDraft.pdf Graphic file (type pdf)
<use BigDraft.pdf>
Package pdftex.def Info: BigDraft.pdf  used on input line 569.
(pdftex.def)             Requested size: 597.50682pt x 845.04504pt.
[17 </Users/eertorer/Desktop/SUS-23-013/figures/results/mhs150_2D.png>]
<567INP SUS-23-013_temp.bbl>
(/Users/eertorer/Desktop/SUS-23-013/tmp/SUS-23-013_temp.bbl
LaTeX Font Info:    Trying to load font information for OT1+pcr on input line 1
0.
LaTeX Font Info:    <567INP ot1pcr.fd> on input line 10.
(/usr/local/texlive/2024/texmf-dist/tex/latex/psnfss/ot1pcr.fd
File: ot1pcr.fd 2001/06/04 font definitions for OT1/pcr.
)
<789FIG BigDraft 8>
File: BigDraft.pdf Graphic file (type pdf)
<use BigDraft.pdf>
Package pdftex.def Info: BigDraft.pdf  used on input line 110.
(pdftex.def)             Requested size: 597.50682pt x 845.04504pt.
[18]
<789FIG BigDraft 8>
File: BigDraft.pdf Graphic file (type pdf)
<use BigDraft.pdf>
Package pdftex.def Info: BigDraft.pdf  used on input line 203.
(pdftex.def)             Requested size: 597.50682pt x 845.04504pt.
[19]
<789FIG BigDraft 8>
File: BigDraft.pdf Graphic file (type pdf)
<use BigDraft.pdf>
Package pdftex.def Info: BigDraft.pdf  used on input line 314.
(pdftex.def)             Requested size: 597.50682pt x 845.04504pt.
[20]
<789FIG BigDraft 8>
File: BigDraft.pdf Graphic file (type pdf)
<use BigDraft.pdf>
Package pdftex.def Info: BigDraft.pdf  used on input line 419.
(pdftex.def)             Requested size: 597.50682pt x 845.04504pt.
[21])
<789FIG BigDraft 8>
File: BigDraft.pdf Graphic file (type pdf)
<use BigDraft.pdf>
Package pdftex.def Info: BigDraft.pdf  used on input line 589.
(pdftex.def)             Requested size: 597.50682pt x 845.04504pt.
[22] (/Users/eertorer/Desktop/SUS-23-013/tmp/SUS-23-013_temp.aux)
 ***********
LaTeX2e <2023-11-01> patch level 1
L3 programming layer <2024-02-20>
 ***********

LaTeX Warning: There were undefined references.

Package rerunfilecheck Info: File `SUS-23-013_temp.out' has not changed.
(rerunfilecheck)             Checksum: E0A7B65E0F82B48F46C877A676CFB57C;475.
 )
(\end occurred inside a group at level 1)

### semi simple group (level 1) entered at line 169 (\begingroup)
### bottom level 
Here is how much of TeX's memory you used:
 20221 strings out of 474116
 304928 string characters out of 5743681
 1953187 words of memory out of 5000000
 42107 multiletter control sequences out of 15000+600000
 611685 words of font info for 167 fonts, out of 8000000 for 9000
 1144 hyphenation exceptions out of 8191
 99i,18n,107p,1510b,916s stack positions out of 10000i,1000n,20000p,200000b,200000s
</usr/local/texlive/2024/texmf-dist/fonts/type1/public/amsfonts
/cm/cmex10.pfb></usr/local/texlive/2024/texmf-dist/fonts/type1/public/amsfonts/
cm/cmmi10.pfb></usr/local/texlive/2024/texmf-dist/fonts/type1/public/amsfonts/c
m/cmmi9.pfb></usr/local/texlive/2024/texmf-dist/fonts/type1/public/amsfonts/cm/
cmr10.pfb></usr/local/texlive/2024/texmf-dist/fonts/type1/public/amsfonts/cm/cm
r6.pfb></usr/local/texlive/2024/texmf-dist/fonts/type1/public/amsfonts/cm/cmr7.
pfb></usr/local/texlive/2024/texmf-dist/fonts/type1/public/amsfonts/cm/cmsy10.p
fb></usr/local/texlive/2024/texmf-dist/fonts/type1/public/amsfonts/cm/cmsy7.pfb
></usr/local/texlive/2024/texmf-dist/fonts/type1/public/mathpazo/fplmr.pfb></us
r/local/texlive/2024/texmf-dist/fonts/type1/public/mathpazo/fplmri.pfb></usr/lo
cal/texlive/2024/texmf-dist/fonts/type1/urw/courier/ucrr8a.pfb></usr/local/texl
ive/2024/texmf-dist/fonts/type1/urw/helvetic/uhvb8a.pfb></usr/local/texlive/202
4/texmf-dist/fonts/type1/urw/helvetic/uhvr8a.pfb></usr/local/texlive/2024/texmf
-dist/fonts/type1/urw/palatino/uplb8a.pfb></usr/local/texlive/2024/texmf-dist/f
onts/type1/urw/palatino/uplr8a.pfb></usr/local/texlive/2024/texmf-dist/fonts/ty
pe1/urw/palatino/uplri8a.pfb>
Output written on SUS-23-013_temp.pdf (24 pages, 1417243 bytes).
PDF statistics:
 607 PDF objects out of 1000 (max. 8388607)
 506 compressed objects within 6 object streams
 111 named destinations out of 1000 (max. 500000)
 115 words of extra memory for PDF output out of 10000 (max. 10000000)

